# JRE version: OpenJDK Runtime Environment (8.0_252-b09) (build 1.8.0_252-8u252-b09-1ubuntu1-b09)
# Java VM: OpenJDK 64-Bit Server VM (25.252-b09 mixed mode linux-amd64 compressed oops)
Heap:
 PSYoungGen      total 310784K, used 94410K [0x00000000eab00000, 0x0000000100000000, 0x0000000100000000)
  eden space 283648K, 29% used [0x00000000eab00000,0x00000000efcbed10,0x00000000fc000000)
  from space 27136K, 39% used [0x00000000fc000000,0x00000000fca73d88,0x00000000fda80000)
  to   space 26112K, 0% used [0x00000000fe680000,0x00000000fe680000,0x0000000100000000)
 ParOldGen       total 160768K, used 109751K [0x00000000c0000000, 0x00000000c9d00000, 0x00000000eab00000)
  object space 160768K, 68% used [0x00000000c0000000,0x00000000c6b2dcb0,0x00000000c9d00000)
 Metaspace       used 94484K, capacity 98364K, committed 98520K, reserved 1134592K
  class space    used 11702K, capacity 12636K, committed 12760K, reserved 1048576K
GC Heap History (10 events):
Event: 231.385 GC heap before
{Heap before GC invocations=38 (full 5):
 PSYoungGen      total 241152K, used 220768K [0x00000000eab00000, 0x00000000fb000000, 0x0000000100000000)
  eden space 220160K, 100% used [0x00000000eab00000,0x00000000f8200000,0x00000000f8200000)
  from space 20992K, 2% used [0x00000000f9b80000,0x00000000f9c18000,0x00000000fb000000)
  to   space 23552K, 0% used [0x00000000f8200000,0x00000000f8200000,0x00000000f9900000)
 ParOldGen       total 160768K, used 79001K [0x00000000c0000000, 0x00000000c9d00000, 0x00000000eab00000)
  object space 160768K, 49% used [0x00000000c0000000,0x00000000c4d264c8,0x00000000c9d00000)
 Metaspace       used 84135K, capacity 87002K, committed 87384K, reserved 1124352K
  class space    used 10684K, capacity 11432K, committed 11608K, reserved 1048576K
Event: 231.420 GC heap after
Heap after GC invocations=38 (full 5):
 PSYoungGen      total 243712K, used 12574K [0x00000000eab00000, 0x00000000fd580000, 0x0000000100000000)
  eden space 220160K, 0% used [0x00000000eab00000,0x00000000eab00000,0x00000000f8200000)
  from space 23552K, 53% used [0x00000000f8200000,0x00000000f8e47b20,0x00000000f9900000)
  to   space 23552K, 0% used [0x00000000fbe80000,0x00000000fbe80000,0x00000000fd580000)
 ParOldGen       total 160768K, used 79157K [0x00000000c0000000, 0x00000000c9d00000, 0x00000000eab00000)
  object space 160768K, 49% used [0x00000000c0000000,0x00000000c4d4d4f8,0x00000000c9d00000)
 Metaspace       used 84135K, capacity 87002K, committed 87384K, reserved 1124352K
  class space    used 10684K, capacity 11432K, committed 11608K, reserved 1048576K
}
Event: 804.327 GC heap before
{Heap before GC invocations=39 (full 5):
 PSYoungGen      total 243712K, used 232734K [0x00000000eab00000, 0x00000000fd580000, 0x0000000100000000)
  eden space 220160K, 100% used [0x00000000eab00000,0x00000000f8200000,0x00000000f8200000)
  from space 23552K, 53% used [0x00000000f8200000,0x00000000f8e47b20,0x00000000f9900000)
  to   space 23552K, 0% used [0x00000000fbe80000,0x00000000fbe80000,0x00000000fd580000)
 ParOldGen       total 160768K, used 79157K [0x00000000c0000000, 0x00000000c9d00000, 0x00000000eab00000)
  object space 160768K, 49% used [0x00000000c0000000,0x00000000c4d4d4f8,0x00000000c9d00000)
 Metaspace       used 91668K, capacity 95208K, committed 95448K, reserved 1132544K
  class space    used 11538K, capacity 12428K, committed 12504K, reserved 1048576K
Event: 804.352 GC heap after
Heap after GC invocations=39 (full 5):
 PSYoungGen      total 275968K, used 23549K [0x00000000eab00000, 0x00000000fde00000, 0x0000000100000000)
  eden space 252416K, 0% used [0x00000000eab00000,0x00000000eab00000,0x00000000fa180000)
  from space 23552K, 99% used [0x00000000fbe80000,0x00000000fd57f658,0x00000000fd580000)
  to   space 29696K, 0% used [0x00000000fa180000,0x00000000fa180000,0x00000000fbe80000)
 ParOldGen       total 160768K, used 83859K [0x00000000c0000000, 0x00000000c9d00000, 0x00000000eab00000)
  object space 160768K, 52% used [0x00000000c0000000,0x00000000c51e4c30,0x00000000c9d00000)
 Metaspace       used 91668K, capacity 95208K, committed 95448K, reserved 1132544K
  class space    used 11538K, capacity 12428K, committed 12504K, reserved 1048576K
}
Event: 816.193 GC heap before
{Heap before GC invocations=40 (full 5):
 PSYoungGen      total 275968K, used 275965K [0x00000000eab00000, 0x00000000fde00000, 0x0000000100000000)
  eden space 252416K, 100% used [0x00000000eab00000,0x00000000fa180000,0x00000000fa180000)
  from space 23552K, 99% used [0x00000000fbe80000,0x00000000fd57f658,0x00000000fd580000)
  to   space 29696K, 0% used [0x00000000fa180000,0x00000000fa180000,0x00000000fbe80000)
 ParOldGen       total 160768K, used 83859K [0x00000000c0000000, 0x00000000c9d00000, 0x00000000eab00000)
  object space 160768K, 52% used [0x00000000c0000000,0x00000000c51e4c30,0x00000000c9d00000)
 Metaspace       used 92098K, capacity 95930K, committed 96088K, reserved 1132544K
  class space    used 11592K, capacity 12495K, committed 12632K, reserved 1048576K
Event: 816.213 GC heap after
Heap after GC invocations=40 (full 5):
 PSYoungGen      total 282112K, used 8438K [0x00000000eab00000, 0x00000000ffb80000, 0x0000000100000000)
  eden space 252416K, 0% used [0x00000000eab00000,0x00000000eab00000,0x00000000fa180000)
  from space 29696K, 28% used [0x00000000fa180000,0x00000000fa9bda08,0x00000000fbe80000)
  to   space 28160K, 0% used [0x00000000fe000000,0x00000000fe000000,0x00000000ffb80000)
 ParOldGen       total 160768K, used 102003K [0x00000000c0000000, 0x00000000c9d00000, 0x00000000eab00000)
  object space 160768K, 63% used [0x00000000c0000000,0x00000000c639cf10,0x00000000c9d00000)
 Metaspace       used 92098K, capacity 95930K, committed 96088K, reserved 1132544K
  class space    used 11592K, capacity 12495K, committed 12632K, reserved 1048576K
}
Event: 836.493 GC heap before
{Heap before GC invocations=41 (full 5):
 PSYoungGen      total 282112K, used 260854K [0x00000000eab00000, 0x00000000ffb80000, 0x0000000100000000)
  eden space 252416K, 100% used [0x00000000eab00000,0x00000000fa180000,0x00000000fa180000)
  from space 29696K, 28% used [0x00000000fa180000,0x00000000fa9bda08,0x00000000fbe80000)
  to   space 28160K, 0% used [0x00000000fe000000,0x00000000fe000000,0x00000000ffb80000)
 ParOldGen       total 160768K, used 102003K [0x00000000c0000000, 0x00000000c9d00000, 0x00000000eab00000)
  object space 160768K, 63% used [0x00000000c0000000,0x00000000c639cf10,0x00000000c9d00000)
 Metaspace       used 92519K, capacity 96410K, committed 96600K, reserved 1132544K
  class space    used 11604K, capacity 12539K, committed 12632K, reserved 1048576K
Event: 836.506 GC heap after
Heap after GC invocations=41 (full 5):
 PSYoungGen      total 305152K, used 4335K [0x00000000eab00000, 0x00000000ff500000, 0x0000000100000000)
  eden space 283648K, 0% used [0x00000000eab00000,0x00000000eab00000,0x00000000fc000000)
  from space 21504K, 20% used [0x00000000fe000000,0x00000000fe43bd98,0x00000000ff500000)
  to   space 27136K, 0% used [0x00000000fc000000,0x00000000fc000000,0x00000000fda80000)
 ParOldGen       total 160768K, used 109259K [0x00000000c0000000, 0x00000000c9d00000, 0x00000000eab00000)
  object space 160768K, 67% used [0x00000000c0000000,0x00000000c6ab2d50,0x00000000c9d00000)
 Metaspace       used 92519K, capacity 96410K, committed 96600K, reserved 1132544K
  class space    used 11604K, capacity 12539K, committed 12632K, reserved 1048576K
}
Event: 840.381 GC heap before
{Heap before GC invocations=42 (full 5):
 PSYoungGen      total 305152K, used 287983K [0x00000000eab00000, 0x00000000ff500000, 0x0000000100000000)
  eden space 283648K, 100% used [0x00000000eab00000,0x00000000fc000000,0x00000000fc000000)
  from space 21504K, 20% used [0x00000000fe000000,0x00000000fe43bd98,0x00000000ff500000)
  to   space 27136K, 0% used [0x00000000fc000000,0x00000000fc000000,0x00000000fda80000)
 ParOldGen       total 160768K, used 109267K [0x00000000c0000000, 0x00000000c9d00000, 0x00000000eab00000)
  object space 160768K, 67% used [0x00000000c0000000,0x00000000c6ab4d70,0x00000000c9d00000)
 Metaspace       used 94474K, capacity 98364K, committed 98520K, reserved 1134592K
  class space    used 11702K, capacity 12636K, committed 12760K, reserved 1048576K
Event: 840.395 GC heap after
Heap after GC invocations=42 (full 5):
 PSYoungGen      total 310784K, used 10703K [0x00000000eab00000, 0x0000000100000000, 0x0000000100000000)
  eden space 283648K, 0% used [0x00000000eab00000,0x00000000eab00000,0x00000000fc000000)
  from space 27136K, 39% used [0x00000000fc000000,0x00000000fca73d88,0x00000000fda80000)
  to   space 26112K, 0% used [0x00000000fe680000,0x00000000fe680000,0x0000000100000000)
 ParOldGen       total 160768K, used 109751K [0x00000000c0000000, 0x00000000c9d00000, 0x00000000eab00000)
  object space 160768K, 68% used [0x00000000c0000000,0x00000000c6b2dcb0,0x00000000c9d00000)
 Metaspace       used 94474K, capacity 98364K, committed 98520K, reserved 1134592K
  class space    used 11702K, capacity 12636K, committed 12760K, reserved 1048576K
}

