# JRE version: OpenJDK Runtime Environment (8.0_252-b09) (build 1.8.0_252-8u252-b09-1ubuntu1-b09)
# Java VM: OpenJDK 64-Bit Server VM (25.252-b09 mixed mode linux-amd64 compressed oops)
Heap:
 PSYoungGen      total 303104K, used 204404K [0x00000000eab00000, 0x0000000100000000, 0x0000000100000000)
  eden space 273408K, 63% used [0x00000000eab00000,0x00000000f559e700,0x00000000fb600000)
  from space 29696K, 99% used [0x00000000fe300000,0x00000000ffffec40,0x0000000100000000)
  to   space 37888K, 0% used [0x00000000fb600000,0x00000000fb600000,0x00000000fdb00000)
 ParOldGen       total 117248K, used 68528K [0x00000000c0000000, 0x00000000c7280000, 0x00000000eab00000)
  object space 117248K, 58% used [0x00000000c0000000,0x00000000c42ec0f0,0x00000000c7280000)
 Metaspace       used 76825K, capacity 79664K, committed 80000K, reserved 1118208K
  class space    used 10009K, capacity 10761K, committed 10880K, reserved 1048576K
GC Heap History (10 events):
Event: 23.339 GC heap before
{Heap before GC invocations=13 (full 2):
 PSYoungGen      total 221696K, used 21645K [0x00000000eab00000, 0x00000000fa780000, 0x0000000100000000)
  eden space 203776K, 1% used [0x00000000eab00000,0x00000000eaea7ea8,0x00000000f7200000)
  from space 17920K, 99% used [0x00000000f8980000,0x00000000f9afb810,0x00000000f9b00000)
  to   space 24064K, 0% used [0x00000000f7200000,0x00000000f7200000,0x00000000f8980000)
 ParOldGen       total 84992K, used 33664K [0x00000000c0000000, 0x00000000c5300000, 0x00000000eab00000)
  object space 84992K, 39% used [0x00000000c0000000,0x00000000c20e0330,0x00000000c5300000)
 Metaspace       used 57316K, capacity 58976K, committed 59008K, reserved 1099776K
  class space    used 7827K, capacity 8304K, committed 8320K, reserved 1048576K
Event: 23.350 GC heap after
Heap after GC invocations=13 (full 2):
 PSYoungGen      total 227840K, used 474K [0x00000000eab00000, 0x0000000100000000, 0x0000000100000000)
  eden space 203776K, 0% used [0x00000000eab00000,0x00000000eab00000,0x00000000f7200000)
  from space 24064K, 1% used [0x00000000f7200000,0x00000000f72768b0,0x00000000f8980000)
  to   space 24576K, 0% used [0x00000000fe800000,0x00000000fe800000,0x0000000100000000)
 ParOldGen       total 84992K, used 51542K [0x00000000c0000000, 0x00000000c5300000, 0x00000000eab00000)
  object space 84992K, 60% used [0x00000000c0000000,0x00000000c32558b0,0x00000000c5300000)
 Metaspace       used 57316K, capacity 58976K, committed 59008K, reserved 1099776K
  class space    used 7827K, capacity 8304K, committed 8320K, reserved 1048576K
}
Event: 23.350 GC heap before
{Heap before GC invocations=14 (full 3):
 PSYoungGen      total 227840K, used 474K [0x00000000eab00000, 0x0000000100000000, 0x0000000100000000)
  eden space 203776K, 0% used [0x00000000eab00000,0x00000000eab00000,0x00000000f7200000)
  from space 24064K, 1% used [0x00000000f7200000,0x00000000f72768b0,0x00000000f8980000)
  to   space 24576K, 0% used [0x00000000fe800000,0x00000000fe800000,0x0000000100000000)
 ParOldGen       total 84992K, used 51542K [0x00000000c0000000, 0x00000000c5300000, 0x00000000eab00000)
  object space 84992K, 60% used [0x00000000c0000000,0x00000000c32558b0,0x00000000c5300000)
 Metaspace       used 57316K, capacity 58976K, committed 59008K, reserved 1099776K
  class space    used 7827K, capacity 8304K, committed 8320K, reserved 1048576K
Event: 23.534 GC heap after
Heap after GC invocations=14 (full 3):
 PSYoungGen      total 227840K, used 0K [0x00000000eab00000, 0x0000000100000000, 0x0000000100000000)
  eden space 203776K, 0% used [0x00000000eab00000,0x00000000eab00000,0x00000000f7200000)
  from space 24064K, 0% used [0x00000000f7200000,0x00000000f7200000,0x00000000f8980000)
  to   space 24576K, 0% used [0x00000000fe800000,0x00000000fe800000,0x0000000100000000)
 ParOldGen       total 117248K, used 35853K [0x00000000c0000000, 0x00000000c7280000, 0x00000000eab00000)
  object space 117248K, 30% used [0x00000000c0000000,0x00000000c2303698,0x00000000c7280000)
 Metaspace       used 57316K, capacity 58976K, committed 59008K, reserved 1099776K
  class space    used 7827K, capacity 8304K, committed 8320K, reserved 1048576K
}
Event: 34.310 GC heap before
{Heap before GC invocations=15 (full 3):
 PSYoungGen      total 227840K, used 203776K [0x00000000eab00000, 0x0000000100000000, 0x0000000100000000)
  eden space 203776K, 100% used [0x00000000eab00000,0x00000000f7200000,0x00000000f7200000)
  from space 24064K, 0% used [0x00000000f7200000,0x00000000f7200000,0x00000000f8980000)
  to   space 24576K, 0% used [0x00000000fe800000,0x00000000fe800000,0x0000000100000000)
 ParOldGen       total 117248K, used 35853K [0x00000000c0000000, 0x00000000c7280000, 0x00000000eab00000)
  object space 117248K, 30% used [0x00000000c0000000,0x00000000c2303698,0x00000000c7280000)
 Metaspace       used 62628K, capacity 65248K, committed 65280K, reserved 1105920K
  class space    used 8472K, capacity 9185K, committed 9216K, reserved 1048576K
Event: 34.338 GC heap after
Heap after GC invocations=15 (full 3):
 PSYoungGen      total 315392K, used 24565K [0x00000000eab00000, 0x0000000100000000, 0x0000000100000000)
  eden space 290816K, 0% used [0x00000000eab00000,0x00000000eab00000,0x00000000fc700000)
  from space 24576K, 99% used [0x00000000fe800000,0x00000000ffffd510,0x0000000100000000)
  to   space 29184K, 0% used [0x00000000fc700000,0x00000000fc700000,0x00000000fe380000)
 ParOldGen       total 117248K, used 36791K [0x00000000c0000000, 0x00000000c7280000, 0x00000000eab00000)
  object space 117248K, 31% used [0x00000000c0000000,0x00000000c23edf28,0x00000000c7280000)
 Metaspace       used 62628K, capacity 65248K, committed 65280K, reserved 1105920K
  class space    used 8472K, capacity 9185K, committed 9216K, reserved 1048576K
}
Event: 46.745 GC heap before
{Heap before GC invocations=16 (full 3):
 PSYoungGen      total 315392K, used 315381K [0x00000000eab00000, 0x0000000100000000, 0x0000000100000000)
  eden space 290816K, 100% used [0x00000000eab00000,0x00000000fc700000,0x00000000fc700000)
  from space 24576K, 99% used [0x00000000fe800000,0x00000000ffffd510,0x0000000100000000)
  to   space 29184K, 0% used [0x00000000fc700000,0x00000000fc700000,0x00000000fe380000)
 ParOldGen       total 117248K, used 36791K [0x00000000c0000000, 0x00000000c7280000, 0x00000000eab00000)
  object space 117248K, 31% used [0x00000000c0000000,0x00000000c23edf28,0x00000000c7280000)
 Metaspace       used 73573K, capacity 76268K, committed 76544K, reserved 1116160K
  class space    used 9720K, capacity 10433K, committed 10496K, reserved 1048576K
Event: 46.788 GC heap after
Heap after GC invocations=16 (full 3):
 PSYoungGen      total 309248K, used 18282K [0x00000000eab00000, 0x0000000100000000, 0x0000000100000000)
  eden space 290816K, 0% used [0x00000000eab00000,0x00000000eab00000,0x00000000fc700000)
  from space 18432K, 99% used [0x00000000fc700000,0x00000000fd8da9a0,0x00000000fd900000)
  to   space 29696K, 0% used [0x00000000fe300000,0x00000000fe300000,0x0000000100000000)
 ParOldGen       total 117248K, used 58775K [0x00000000c0000000, 0x00000000c7280000, 0x00000000eab00000)
  object space 117248K, 50% used [0x00000000c0000000,0x00000000c3965d88,0x00000000c7280000)
 Metaspace       used 73573K, capacity 76268K, committed 76544K, reserved 1116160K
  class space    used 9720K, capacity 10433K, committed 10496K, reserved 1048576K
}
Event: 52.161 GC heap before
{Heap before GC invocations=17 (full 3):
 PSYoungGen      total 309248K, used 308440K [0x00000000eab00000, 0x0000000100000000, 0x0000000100000000)
  eden space 290816K, 99% used [0x00000000eab00000,0x00000000fc65ba08,0x00000000fc700000)
  from space 18432K, 99% used [0x00000000fc700000,0x00000000fd8da9a0,0x00000000fd900000)
  to   space 29696K, 0% used [0x00000000fe300000,0x00000000fe300000,0x0000000100000000)
 ParOldGen       total 117248K, used 58775K [0x00000000c0000000, 0x00000000c7280000, 0x00000000eab00000)
  object space 117248K, 50% used [0x00000000c0000000,0x00000000c3965d88,0x00000000c7280000)
 Metaspace       used 76612K, capacity 79472K, committed 79616K, reserved 1118208K
  class space    used 10002K, capacity 10697K, committed 10752K, reserved 1048576K
Event: 52.191 GC heap after
Heap after GC invocations=17 (full 3):
 PSYoungGen      total 303104K, used 29691K [0x00000000eab00000, 0x0000000100000000, 0x0000000100000000)
  eden space 273408K, 0% used [0x00000000eab00000,0x00000000eab00000,0x00000000fb600000)
  from space 29696K, 99% used [0x00000000fe300000,0x00000000ffffec40,0x0000000100000000)
  to   space 37888K, 0% used [0x00000000fb600000,0x00000000fb600000,0x00000000fdb00000)
 ParOldGen       total 117248K, used 68528K [0x00000000c0000000, 0x00000000c7280000, 0x00000000eab00000)
  object space 117248K, 58% used [0x00000000c0000000,0x00000000c42ec0f0,0x00000000c7280000)
 Metaspace       used 76612K, capacity 79472K, committed 79616K, reserved 1118208K
  class space    used 10002K, capacity 10697K, committed 10752K, reserved 1048576K
}

