# JRE version: OpenJDK Runtime Environment (8.0_252-b09) (build 1.8.0_252-8u252-b09-1ubuntu1-b09)
# Java VM: OpenJDK 64-Bit Server VM (25.252-b09 mixed mode linux-amd64 compressed oops)
Heap:
 PSYoungGen      total 165376K, used 95407K [0x00000000eab00000, 0x00000000f6580000, 0x0000000100000000)
  eden space 148992K, 53% used [0x00000000eab00000,0x00000000ef833120,0x00000000f3c80000)
  from space 16384K, 99% used [0x00000000f5080000,0x00000000f6078e68,0x00000000f6080000)
  to   space 20480K, 96% used [0x00000000f3c80000,0x00000000f4fc1820,0x00000000f5080000)
 ParOldGen       total 100864K, used 25209K [0x00000000c0000000, 0x00000000c6280000, 0x00000000eab00000)
  object space 100864K, 24% used [0x00000000c0000000,0x00000000c189e6d0,0x00000000c6280000)
 Metaspace       used 57302K, capacity 58976K, committed 59008K, reserved 1099776K
  class space    used 7820K, capacity 8304K, committed 8320K, reserved 1048576K
GC Heap History (10 events):
Event: 6.964 GC heap after
Heap after GC invocations=8 (full 1):
 PSYoungGen      total 134656K, used 10715K [0x00000000eab00000, 0x00000000f3c80000, 0x0000000100000000)
  eden space 123904K, 0% used [0x00000000eab00000,0x00000000eab00000,0x00000000f2400000)
  from space 10752K, 99% used [0x00000000f2400000,0x00000000f2e76e08,0x00000000f2e80000)
  to   space 12288K, 0% used [0x00000000f3080000,0x00000000f3080000,0x00000000f3c80000)
 ParOldGen       total 64512K, used 10400K [0x00000000c0000000, 0x00000000c3f00000, 0x00000000eab00000)
  object space 64512K, 16% used [0x00000000c0000000,0x00000000c0a28240,0x00000000c3f00000)
 Metaspace       used 30228K, capacity 30786K, committed 31104K, reserved 1075200K
  class space    used 4200K, capacity 4448K, committed 4480K, reserved 1048576K
}
Event: 8.270 GC heap before
{Heap before GC invocations=9 (full 1):
 PSYoungGen      total 134656K, used 55980K [0x00000000eab00000, 0x00000000f3c80000, 0x0000000100000000)
  eden space 123904K, 36% used [0x00000000eab00000,0x00000000ed734200,0x00000000f2400000)
  from space 10752K, 99% used [0x00000000f2400000,0x00000000f2e76e08,0x00000000f2e80000)
  to   space 12288K, 0% used [0x00000000f3080000,0x00000000f3080000,0x00000000f3c80000)
 ParOldGen       total 64512K, used 10400K [0x00000000c0000000, 0x00000000c3f00000, 0x00000000eab00000)
  object space 64512K, 16% used [0x00000000c0000000,0x00000000c0a28240,0x00000000c3f00000)
 Metaspace       used 34542K, capacity 35254K, committed 35416K, reserved 1079296K
  class space    used 4766K, capacity 5058K, committed 5120K, reserved 1048576K
Event: 8.277 GC heap after
Heap after GC invocations=9 (full 1):
 PSYoungGen      total 135168K, used 11625K [0x00000000eab00000, 0x00000000f6a00000, 0x0000000100000000)
  eden space 122880K, 0% used [0x00000000eab00000,0x00000000eab00000,0x00000000f2300000)
  from space 12288K, 94% used [0x00000000f3080000,0x00000000f3bda610,0x00000000f3c80000)
  to   space 13824K, 0% used [0x00000000f2300000,0x00000000f2300000,0x00000000f3080000)
 ParOldGen       total 64512K, used 10408K [0x00000000c0000000, 0x00000000c3f00000, 0x00000000eab00000)
  object space 64512K, 16% used [0x00000000c0000000,0x00000000c0a2a240,0x00000000c3f00000)
 Metaspace       used 34542K, capacity 35254K, committed 35416K, reserved 1079296K
  class space    used 4766K, capacity 5058K, committed 5120K, reserved 1048576K
}
Event: 8.277 GC heap before
{Heap before GC invocations=10 (full 2):
 PSYoungGen      total 135168K, used 11625K [0x00000000eab00000, 0x00000000f6a00000, 0x0000000100000000)
  eden space 122880K, 0% used [0x00000000eab00000,0x00000000eab00000,0x00000000f2300000)
  from space 12288K, 94% used [0x00000000f3080000,0x00000000f3bda610,0x00000000f3c80000)
  to   space 13824K, 0% used [0x00000000f2300000,0x00000000f2300000,0x00000000f3080000)
 ParOldGen       total 64512K, used 10408K [0x00000000c0000000, 0x00000000c3f00000, 0x00000000eab00000)
  object space 64512K, 16% used [0x00000000c0000000,0x00000000c0a2a240,0x00000000c3f00000)
 Metaspace       used 34542K, capacity 35254K, committed 35416K, reserved 1079296K
  class space    used 4766K, capacity 5058K, committed 5120K, reserved 1048576K
Event: 8.330 GC heap after
Heap after GC invocations=10 (full 2):
 PSYoungGen      total 135168K, used 0K [0x00000000eab00000, 0x00000000f6a00000, 0x0000000100000000)
  eden space 122880K, 0% used [0x00000000eab00000,0x00000000eab00000,0x00000000f2300000)
  from space 12288K, 0% used [0x00000000f3080000,0x00000000f3080000,0x00000000f3c80000)
  to   space 13824K, 0% used [0x00000000f2300000,0x00000000f2300000,0x00000000f3080000)
 ParOldGen       total 100864K, used 18372K [0x00000000c0000000, 0x00000000c6280000, 0x00000000eab00000)
  object space 100864K, 18% used [0x00000000c0000000,0x00000000c11f1158,0x00000000c6280000)
 Metaspace       used 34542K, capacity 35254K, committed 35416K, reserved 1079296K
  class space    used 4766K, capacity 5058K, committed 5120K, reserved 1048576K
}
Event: 10.179 GC heap before
{Heap before GC invocations=11 (full 2):
 PSYoungGen      total 135168K, used 122880K [0x00000000eab00000, 0x00000000f6a00000, 0x0000000100000000)
  eden space 122880K, 100% used [0x00000000eab00000,0x00000000f2300000,0x00000000f2300000)
  from space 12288K, 0% used [0x00000000f3080000,0x00000000f3080000,0x00000000f3c80000)
  to   space 13824K, 0% used [0x00000000f2300000,0x00000000f2300000,0x00000000f3080000)
 ParOldGen       total 100864K, used 18372K [0x00000000c0000000, 0x00000000c6280000, 0x00000000eab00000)
  object space 100864K, 18% used [0x00000000c0000000,0x00000000c11f1158,0x00000000c6280000)
 Metaspace       used 42840K, capacity 43872K, committed 44160K, reserved 1087488K
  class space    used 5815K, capacity 6168K, committed 6272K, reserved 1048576K
Event: 10.194 GC heap after
Heap after GC invocations=11 (full 2):
 PSYoungGen      total 136704K, used 13805K [0x00000000eab00000, 0x00000000f6080000, 0x0000000100000000)
  eden space 122880K, 0% used [0x00000000eab00000,0x00000000eab00000,0x00000000f2300000)
  from space 13824K, 99% used [0x00000000f2300000,0x00000000f307b758,0x00000000f3080000)
  to   space 16384K, 0% used [0x00000000f5080000,0x00000000f5080000,0x00000000f6080000)
 ParOldGen       total 100864K, used 20448K [0x00000000c0000000, 0x00000000c6280000, 0x00000000eab00000)
  object space 100864K, 20% used [0x00000000c0000000,0x00000000c13f81e8,0x00000000c6280000)
 Metaspace       used 42840K, capacity 43872K, committed 44160K, reserved 1087488K
  class space    used 5815K, capacity 6168K, committed 6272K, reserved 1048576K
}
Event: 13.517 GC heap before
{Heap before GC invocations=12 (full 2):
 PSYoungGen      total 136704K, used 136685K [0x00000000eab00000, 0x00000000f6080000, 0x0000000100000000)
  eden space 122880K, 100% used [0x00000000eab00000,0x00000000f2300000,0x00000000f2300000)
  from space 13824K, 99% used [0x00000000f2300000,0x00000000f307b758,0x00000000f3080000)
  to   space 16384K, 0% used [0x00000000f5080000,0x00000000f5080000,0x00000000f6080000)
 ParOldGen       total 100864K, used 20448K [0x00000000c0000000, 0x00000000c6280000, 0x00000000eab00000)
  object space 100864K, 20% used [0x00000000c0000000,0x00000000c13f81e8,0x00000000c6280000)
 Metaspace       used 53097K, capacity 54382K, committed 54528K, reserved 1095680K
  class space    used 7188K, capacity 7614K, committed 7680K, reserved 1048576K
Event: 13.529 GC heap after
Heap after GC invocations=12 (full 2):
 PSYoungGen      total 165376K, used 16355K [0x00000000eab00000, 0x00000000f6580000, 0x0000000100000000)
  eden space 148992K, 0% used [0x00000000eab00000,0x00000000eab00000,0x00000000f3c80000)
  from space 16384K, 99% used [0x00000000f5080000,0x00000000f6078e68,0x00000000f6080000)
  to   space 20480K, 0% used [0x00000000f3c80000,0x00000000f3c80000,0x00000000f5080000)
 ParOldGen       total 100864K, used 25201K [0x00000000c0000000, 0x00000000c6280000, 0x00000000eab00000)
  object space 100864K, 24% used [0x00000000c0000000,0x00000000c189c6d0,0x00000000c6280000)
 Metaspace       used 53097K, capacity 54382K, committed 54528K, reserved 1095680K
  class space    used 7188K, capacity 7614K, committed 7680K, reserved 1048576K
}
Event: 14.632 GC heap before
{Heap before GC invocations=13 (full 2):
 PSYoungGen      total 165376K, used 95407K [0x00000000eab00000, 0x00000000f6580000, 0x0000000100000000)
  eden space 148992K, 53% used [0x00000000eab00000,0x00000000ef833120,0x00000000f3c80000)
  from space 16384K, 99% used [0x00000000f5080000,0x00000000f6078e68,0x00000000f6080000)
  to   space 20480K, 0% used [0x00000000f3c80000,0x00000000f3c80000,0x00000000f5080000)
 ParOldGen       total 100864K, used 25201K [0x00000000c0000000, 0x00000000c6280000, 0x00000000eab00000)
  object space 100864K, 24% used [0x00000000c0000000,0x00000000c189c6d0,0x00000000c6280000)
 Metaspace       used 57302K, capacity 58976K, committed 59008K, reserved 1099776K
  class space    used 7820K, capacity 8304K, committed 8320K, reserved 1048576K

